\BOOKMARK [1][-]{section*.2}{\376\377\000P\000r\000e\000r\000e\000q\000u\000i\000s\000i\000t\000e\000\040\000K\000n\000o\000w\000l\000e\000d\000g\000e}{}% 1
\BOOKMARK [2][-]{subsection.0.1}{\376\377\000A\000r\000t\000i\000c\000l\000e\000\040\000t\000y\000p\000e\000s}{section*.2}% 2
\BOOKMARK [1][-]{section.1}{\376\377\000I\000n\000t\000r\000o\000d\000u\000c\000t\000i\000o\000n\000,\000\040\000p\000r\000i\000n\000c\000i\000p\000l\000e\000s\000\040\000o\000f\000\040\000e\000f\000f\000e\000c\000t\000i\000v\000e\000\040\000w\000r\000i\000t\000i\000n\000g}{}% 3
\BOOKMARK [2][-]{subsection.1.1}{\376\377\000I\000n\000t\000r\000o\000d\000u\000c\000t\000i\000o\000n}{section.1}% 4
\BOOKMARK [2][-]{subsection.1.2}{\376\377\000E\000x\000a\000m\000p\000l\000e\000s\000\040\000o\000f\000\040\000w\000h\000a\000t\000\040\000n\000o\000t\000\040\000t\000o\000\040\000d\000o}{section.1}% 5
\BOOKMARK [2][-]{subsection.1.3}{\376\377\000O\000v\000e\000r\000v\000i\000e\000w\000,\000\040\000p\000r\000i\000n\000c\000i\000p\000l\000e\000s\000\040\000o\000f\000\040\000e\000f\000f\000e\000c\000t\000i\000v\000e\000\040\000w\000r\000i\000t\000i\000n\000g}{section.1}% 6
\BOOKMARK [2][-]{subsection.1.4}{\376\377\000C\000u\000t\000\040\000t\000h\000e\000\040\000c\000l\000u\000t\000t\000e\000r}{section.1}% 7
\BOOKMARK [2][-]{subsection.1.5}{\376\377\000C\000u\000t\000\040\000t\000h\000e\000\040\000c\000l\000u\000t\000t\000e\000r\000,\000\040\000m\000o\000r\000e\000\040\000t\000r\000i\000c\000k\000s}{section.1}% 8
\BOOKMARK [2][-]{subsection.1.6}{\376\377\000P\000r\000a\000c\000t\000i\000c\000i\000n\000g\000\040\000c\000u\000t\000t\000i\000n\000g\000\040\000c\000l\000u\000t\000t\000e\000r}{section.1}% 9
\BOOKMARK [1][-]{section.2}{\376\377\000W\000r\000i\000t\000i\000n\000g\000\040\000w\000i\000t\000h\000\040\000s\000t\000r\000o\000n\000g}{}% 10
\BOOKMARK [2][-]{subsection.2.1}{\376\377\000U\000s\000e\000\040\000t\000h\000e\000\040\000a\000c\000t\000i\000v\000e\000\040\000v\000o\000i\000c\000e}{section.2}% 11
\BOOKMARK [2][-]{subsection.2.2}{\376\377\000I\000s\000\040\000i\000t\000\040\000O\000K\000\040\000t\000o\000\040\000u\000s\000e\000\040\000`\000`\000W\000e\000'\000'\000\040\000a\000n\000d\000\040\000`\000`\000I\000'\000'}{section.2}% 12
\BOOKMARK [2][-]{subsection.2.3}{\376\377\000A\000c\000t\000i\000v\000e\000\040\000v\000o\000i\000c\000e\000\040\000p\000r\000a\000c\000t\000i\000c\000e}{section.2}% 13
\BOOKMARK [2][-]{subsection.2.4}{\376\377\000W\000r\000i\000t\000e\000\040\000w\000i\000t\000h\000\040\000v\000e\000r\000b\000s}{section.2}% 14
\BOOKMARK [2][-]{subsection.2.5}{\376\377\000P\000r\000a\000c\000t\000i\000c\000e\000\040\000e\000x\000a\000m\000p\000l\000e\000s}{section.2}% 15
\BOOKMARK [2][-]{subsection.2.6}{\376\377\000A\000\040\000f\000e\000w\000\040\000g\000r\000a\000m\000m\000a\000r\000\040\000t\000i\000p\000s}{section.2}% 16
\BOOKMARK [1][-]{section.3}{\376\377\000P\000u\000n\000c\000t\000u\000a\000t\000i\000o\000n}{}% 17
\BOOKMARK [2][-]{subsection.3.1}{\376\377\000E\000x\000p\000e\000r\000i\000m\000e\000n\000t\000\040\000w\000i\000t\000h\000\040\000p\000u\000n\000c\000t\000u\000a\000t\000i\000o\000n}{section.3}% 18
\BOOKMARK [2][-]{subsection.3.2}{\376\377\000P\000r\000a\000c\000t\000i\000c\000e\000,\000\040\000c\000o\000l\000o\000n\000,\000\040\000a\000n\000d\000\040\000d\000a\000s\000h}{section.3}% 19
\BOOKMARK [2][-]{subsection.3.3}{\376\377\000P\000a\000r\000a\000l\000l\000e\000l\000i\000s\000m}{section.3}% 20
\BOOKMARK [2][-]{subsection.3.4}{\376\377\000P\000a\000r\000a\000g\000r\000a\000p\000h\000s}{section.3}% 21
\BOOKMARK [2][-]{subsection.3.5}{\376\377\000P\000a\000r\000a\000g\000r\000a\000p\000h\000\040\000E\000d\000i\000t\000i\000n\000g\000\040\000I}{section.3}% 22
\BOOKMARK [2][-]{subsection.3.6}{\376\377\000P\000a\000r\000a\000g\000r\000a\000p\000h\000\040\000E\000d\000i\000t\000i\000n\000g\000\040\000I\000I}{section.3}% 23
\BOOKMARK [2][-]{subsection.3.7}{\376\377\000A\000\040\000f\000e\000w\000\040\000m\000o\000r\000e\000\040\000t\000i\000p\000s}{section.3}% 24
\BOOKMARK [2][-]{subsection.3.8}{\376\377\000E\000x\000e\000r\000c\000i\000s\000e}{section.3}% 25
\BOOKMARK [2][-]{subsection.3.9}{\376\377\000A\000s\000s\000i\000g\000n\000m\000e\000n\000t\000\040\000I}{section.3}% 26
\BOOKMARK [1][-]{section.4}{\376\377\000W\000r\000i\000t\000i\000n\000g\000\040\000s\000t\000e\000p\000s}{}% 27
\BOOKMARK [2][-]{subsection.4.1}{\376\377\000M\000o\000r\000e\000\040\000p\000a\000r\000a\000g\000r\000a\000p\000h\000\040\000p\000r\000a\000c\000t\000i\000c\000e}{section.4}% 28
\BOOKMARK [2][-]{subsection.4.2}{\376\377\000O\000v\000e\000r\000v\000i\000e\000w\000\040\000o\000f\000\040\000t\000h\000e\000\040\000w\000r\000i\000t\000i\000n\000g\000\040\000p\000r\000o\000c\000e\000s\000s}{section.4}% 29
\BOOKMARK [2][-]{subsection.4.3}{\376\377\000T\000h\000e\000\040\000p\000r\000e\000-\000w\000r\000i\000t\000i\000n\000g\000\040\000s\000t\000e\000p}{section.4}% 30
\BOOKMARK [2][-]{subsection.4.4}{\376\377\000T\000h\000e\000\040\000w\000r\000i\000t\000i\000n\000g\000\040\000s\000t\000e\000p}{section.4}% 31
\BOOKMARK [2][-]{subsection.4.5}{\376\377\000R\000e\000v\000i\000s\000i\000o\000n}{section.4}% 32
\BOOKMARK [1][-]{section.5}{\376\377\000C\000h\000e\000c\000k\000l\000i\000s\000t\000\040\000f\000o\000r\000\040\000t\000h\000e\000\040\000f\000i\000n\000a\000l\000\040\000d\000r\000a\000f\000t}{}% 33
\BOOKMARK [2][-]{subsection.5.1}{\376\377\000T\000a\000b\000l\000e\000s\000\040\000a\000n\000d\000\040\000F\000i\000g\000u\000r\000e\000s}{section.5}% 34
\BOOKMARK [2][-]{subsection.5.2}{\376\377\000R\000e\000s\000u\000l\000t\000s}{section.5}% 35
\BOOKMARK [2][-]{subsection.5.3}{\376\377\000P\000r\000a\000c\000t\000i\000c\000e\000\040\000w\000r\000i\000t\000i\000n\000g\000\040\000r\000e\000s\000u\000l\000t\000s}{section.5}% 36
\BOOKMARK [2][-]{subsection.5.4}{\376\377\000M\000e\000t\000h\000o\000d\000s}{section.5}% 37
\BOOKMARK [2][-]{subsection.5.5}{\376\377\000I\000n\000t\000r\000o\000d\000u\000c\000t\000i\000o\000n}{section.5}% 38
\BOOKMARK [2][-]{subsection.5.6}{\376\377\000D\000i\000s\000c\000u\000s\000s\000i\000o\000n}{section.5}% 39
\BOOKMARK [2][-]{subsection.5.7}{\376\377\000A\000b\000s\000t\000r\000a\000c\000t}{section.5}% 40
\BOOKMARK [1][-]{section.6}{\376\377\000P\000u\000b\000l\000i\000c\000a\000t\000i\000o\000n\000\040\000p\000r\000o\000c\000e\000s\000s}{}% 41
